<?xml version="1.0" encoding="UTF-8"?>
<testng-results ignored="0" total="1" passed="1" failed="0" skipped="0">
  <reporter-output>
  </reporter-output>
  <suite started-at="2024-05-10T12:57:30 CEST" name="Default suite" finished-at="2024-05-10T12:57:34 CEST" duration-ms="3170">
    <groups>
    </groups>
    <test started-at="2024-05-10T12:57:30 CEST" name="Default test" finished-at="2024-05-10T12:57:34 CEST" duration-ms="3170">
      <class name="com.testautomation.apitesting.PostAPIRequest">
        <test-method signature="createBooking()[pri:0, instance:com.testautomation.apitesting.PostAPIRequest@3c947bc5]" started-at="2024-05-10T12:57:30 CEST" name="createBooking" finished-at="2024-05-10T12:57:34 CEST" duration-ms="3133" status="PASS">
          <reporter-output>
          </reporter-output>
        </test-method> <!-- createBooking -->
      </class> <!-- com.testautomation.apitesting.PostAPIRequest -->
    </test> <!-- Default test -->
  </suite> <!-- Default suite -->
</testng-results>
